<?xml version="1.0" encoding="UTF-8"?>
<!-- Generated by org.testng.reporters.JUnitReportReporter -->
<testsuite hostname="DESKTOP-9HU6DH7" failures="0" tests="2" name="testjenkins.demo" time="0.013" errors="0" timestamp="2024-10-03T04:08:23 IST" skipped="0">
  <testcase classname="testjenkins.demo" name="test1" time="0.001"/>
  <system-out/>
  <testcase classname="testjenkins.demo" name="test" time="0.012"/>
  <system-out/>
</testsuite> <!-- testjenkins.demo -->
